<?xml version="1.0" encoding="UTF-8"?>
<!-- Generated by org.testng.reporters.JUnitReportReporter -->
<testsuite skipped="0" hostname="Ajith-PC" name="scripts.TestValidLogin" tests="2" failures="0" timestamp="12 Aug 2018 03:10:38 GMT" time="84.463" errors="0">
  <testcase name="testValidLogin" time="41.594" classname="scripts.TestValidLogin"/>
  <testcase name="testValidLogin" time="42.869" classname="scripts.TestValidLogin"/>
</testsuite> <!-- scripts.TestValidLogin -->
