<?xml version="1.0" encoding="UTF-8"?>
<!-- Generated by org.testng.reporters.JUnitReportReporter -->
<testsuite skipped="0" hostname="Ajith-PC" name="scripts.TestInvalidLogin" tests="2" failures="0" timestamp="12 Aug 2018 12:41:57 GMT" time="128.809" errors="0">
  <testcase name="testInvalidLogin" time="65.486" classname="scripts.TestInvalidLogin"/>
  <testcase name="testInvalidLogin" time="63.323" classname="scripts.TestInvalidLogin"/>
</testsuite> <!-- scripts.TestInvalidLogin -->
