<?xml version="1.0" encoding="UTF-8"?>
<!-- Generated by org.testng.reporters.JUnitReportReporter -->
<testsuite skipped="0" hostname="Ajith-PC" name="scripts.TestInvalidLogin" tests="2" failures="0" timestamp="12 Aug 2018 03:10:38 GMT" time="132.519" errors="0">
  <testcase name="testInvalidLogin" time="73.739" classname="scripts.TestInvalidLogin"/>
  <testcase name="testInvalidLogin" time="58.780" classname="scripts.TestInvalidLogin"/>
</testsuite> <!-- scripts.TestInvalidLogin -->
