<?xml version="1.0" encoding="UTF-8"?>
<!-- Generated by org.testng.reporters.JUnitReportReporter -->
<testsuite skipped="0" hostname="Ajith-PC" name="scripts.TestValidLogin" tests="2" failures="0" timestamp="12 Aug 2018 12:41:57 GMT" time="66.557" errors="0">
  <testcase name="testValidLogin" time="39.410" classname="scripts.TestValidLogin"/>
  <testcase name="testValidLogin" time="27.147" classname="scripts.TestValidLogin"/>
</testsuite> <!-- scripts.TestValidLogin -->
