<?xml version="1.0" encoding="UTF-8"?>
<!-- Generated by org.testng.reporters.JUnitReportReporter -->
<testsuite skipped="0" hostname="Ajith-PC" name="scripts.TestInvalidLogin" tests="2" failures="0" timestamp="12 Aug 2018 10:07:25 GMT" time="118.873" errors="0">
  <testcase name="testInvalidLogin" time="62.690" classname="scripts.TestInvalidLogin"/>
  <testcase name="testInvalidLogin" time="56.183" classname="scripts.TestInvalidLogin"/>
</testsuite> <!-- scripts.TestInvalidLogin -->
