<?xml version="1.0" encoding="UTF-8"?>
<!-- Generated by org.testng.reporters.JUnitReportReporter -->
<testsuite skipped="0" hostname="Ajith-PC" name="scripts.TestValidLogin" tests="2" failures="0" timestamp="12 Aug 2018 10:07:25 GMT" time="69.930" errors="0">
  <testcase name="testValidLogin" time="39.233" classname="scripts.TestValidLogin"/>
  <testcase name="testValidLogin" time="30.697" classname="scripts.TestValidLogin"/>
</testsuite> <!-- scripts.TestValidLogin -->
